<?xml version="1.0" encoding="UTF-8"?>
<!-- Generated by org.testng.reporters.JUnitXMLReporter -->
<testsuite ignored="3" hostname="abdulraheemPC" failures="0" tests="1" name="Default test" time="13.94" errors="0" timestamp="2025-05-28T19:28:05 EET">
  <testcase classname="myTestCases" name="clickOnTwoRandomNumber" time="4.835"/>
  <testcase classname="myTestCases" name="ClickOnAllNumbersOnly" time="0.0">
    <ignored/>
  </testcase> <!-- ClickOnAllNumbersOnly -->
  <testcase classname="myTestCases" name="ClickOnOddNumbers" time="0.0">
    <ignored/>
  </testcase> <!-- ClickOnOddNumbers -->
  <testcase classname="myTestCases" name="myTest" time="0.0">
    <ignored/>
  </testcase> <!-- myTest -->
</testsuite> <!-- Default test -->
